<?xml version="1.0" encoding="UTF-8"?>
<testsuite xmlns:xsi="http://www.w3.org/2001/XMLSchema-instance" xsi:noNamespaceSchemaLocation="https://maven.apache.org/surefire/maven-surefire-plugin/xsd/surefire-test-report-3.0.xsd" version="3.0" name="com.ddelight.ddAPI.DdApiApplicationTests" time="9.637" tests="1" errors="0" skipped="0" failures="0">
  <properties>
[...]
</properties>
  <testcase name="contextLoads" classname="com.ddelight.ddAPI.DdApiApplicationTests" time="0.564">
    <system-out><![CDATA[Standard Commons Logging discovery in action with spring-jcl: please remove commons-logging.jar from classpath in order to avoid potential conflicts
15:02:37.908 [main] INFO org.springframework.test.context.support.AnnotationConfigContextLoaderUtils -- Could not detect default configuration classes for test class [com.ddelight.ddAPI.DdApiApplicationTests]: DdApiApplicationTests does not declare any static, non-private, non-final, nested classes annotated with @Configuration.
15:02:38.055 [main] INFO org.springframework.boot.test.context.SpringBootTestContextBootstrapper -- Found @SpringBootConfiguration com.ddelight.ddAPI.Main for test class com.ddelight.ddAPI.DdApiApplicationTests

  .   ____          _            __ _ _
 /\\ / ___'_ __ _ _(_)_ __  __ _ \ \ \ \
( ( )\___ | '_ | '_| | '_ \/ _` | \ \ \ \
 \\/  ___)| |_)| | | | | || (_| |  ) ) ) )
  '  |____| .__|_| |_|_| |_\__, | / / / /
 =========|_|==============|___/=/_/_/_/

 :: Spring Boot ::                (v3.3.4)

2024-10-24T15:02:38.586+05:30  INFO 7224 --- [ddAPI] [           main] c.ddelight.ddAPI.DdApiApplicationTests   : Starting DdApiApplicationTests using Java 21.0.2 with PID 7224 (started by jgsjo in C:\Users\jgsjo\IdeaProjects\ddAPI)
2024-10-24T15:02:38.588+05:30  INFO 7224 --- [ddAPI] [           main] c.ddelight.ddAPI.DdApiApplicationTests   : No active profile set, falling back to 1 default profile: "default"
2024-10-24T15:02:39.872+05:30  INFO 7224 --- [ddAPI] [           main] .s.d.r.c.RepositoryConfigurationDelegate : Bootstrapping Spring Data JPA repositories in DEFAULT mode.
2024-10-24T15:02:39.969+05:30  INFO 7224 --- [ddAPI] [           main] .s.d.r.c.RepositoryConfigurationDelegate : Finished Spring Data repository scanning in 87 ms. Found 6 JPA repository interfaces.
2024-10-24T15:02:40.809+05:30  INFO 7224 --- [ddAPI] [           main] o.hibernate.jpa.internal.util.LogHelper  : HHH000204: Processing PersistenceUnitInfo [name: default]
2024-10-24T15:02:40.911+05:30  INFO 7224 --- [ddAPI] [           main] org.hibernate.Version                    : HHH000412: Hibernate ORM core version 6.5.3.Final
2024-10-24T15:02:40.966+05:30  INFO 7224 --- [ddAPI] [           main] o.h.c.internal.RegionFactoryInitiator    : HHH000026: Second-level cache disabled
2024-10-24T15:02:41.450+05:30  INFO 7224 --- [ddAPI] [           main] o.s.o.j.p.SpringPersistenceUnitInfo      : No LoadTimeWeaver setup: ignoring JPA class transformer
2024-10-24T15:02:41.493+05:30  INFO 7224 --- [ddAPI] [           main] com.zaxxer.hikari.HikariDataSource       : HikariPool-1 - Starting...
2024-10-24T15:02:41.903+05:30  INFO 7224 --- [ddAPI] [           main] com.zaxxer.hikari.pool.HikariPool        : HikariPool-1 - Added connection com.mysql.cj.jdbc.ConnectionImpl@4ec0229c
2024-10-24T15:02:41.908+05:30  INFO 7224 --- [ddAPI] [           main] com.zaxxer.hikari.HikariDataSource       : HikariPool-1 - Start completed.
2024-10-24T15:02:43.238+05:30  INFO 7224 --- [ddAPI] [           main] o.h.e.t.j.p.i.JtaPlatformInitiator       : HHH000489: No JTA platform available (set 'hibernate.transaction.jta.platform' to enable JTA platform integration)
2024-10-24T15:02:43.371+05:30  INFO 7224 --- [ddAPI] [           main] j.LocalContainerEntityManagerFactoryBean : Initialized JPA EntityManagerFactory for persistence unit 'default'
2024-10-24T15:02:45.648+05:30  WARN 7224 --- [ddAPI] [           main] JpaBaseConfiguration$JpaWebConfiguration : spring.jpa.open-in-view is enabled by default. Therefore, database queries may be performed during view rendering. Explicitly configure spring.jpa.open-in-view to disable this warning
2024-10-24T15:02:45.672+05:30  INFO 7224 --- [ddAPI] [           main] r$InitializeUserDetailsManagerConfigurer : Global AuthenticationManager configured with UserDetailsService bean with name customUserDetailsService
2024-10-24T15:02:46.704+05:30  INFO 7224 --- [ddAPI] [           main] c.ddelight.ddAPI.DdApiApplicationTests   : Started DdApiApplicationTests in 8.436 seconds (process running for 10.022)
]]></system-out>
    <system-err><![CDATA[WARNING: A Java agent has been loaded dynamically (C:\Users\jgsjo\.m2\repository\net\bytebuddy\byte-buddy-agent\1.14.19\byte-buddy-agent-1.14.19.jar)
WARNING: If a serviceability tool is in use, please run with -XX:+EnableDynamicAgentLoading to hide this warning
WARNING: If a serviceability tool is not in use, please run with -Djdk.instrument.traceUsage for more information
WARNING: Dynamic loading of agents will be disallowed by default in a future release
]]></system-err>
  </testcase>
</testsuite>